2016/04/21 19:06:54 [error] [exception.CHttpException.404] exception 'CHttpException' with message 'Невозможно обработать запрос "favicon.ico".' in Z:\home\factory.com\www\framework\web\CWebApplication.php:286
Stack trace:
#0 Z:\home\factory.com\www\framework\web\CWebApplication.php(141): CWebApplication->runController('favicon.ico')
#1 Z:\home\factory.com\www\framework\base\CApplication.php(185): CWebApplication->processRequest()
#2 Z:\home\factory.com\www\index.php(13): CApplication->run()
#3 {main}
REQUEST_URI=/favicon.ico
HTTP_REFERER=http://factory.com/index.php?r=site/index
---
2016/04/21 19:39:25 [error] [exception.CHttpException.404] exception 'CHttpException' with message 'Unable to resolve the request "storage".' in Z:\home\factory.com\www\framework\web\CWebApplication.php:286
Stack trace:
#0 Z:\home\factory.com\www\framework\web\CWebApplication.php(141): CWebApplication->runController('storage')
#1 Z:\home\factory.com\www\framework\base\CApplication.php(185): CWebApplication->processRequest()
#2 Z:\home\factory.com\www\index.php(13): CApplication->run()
#3 {main}
REQUEST_URI=/index.php/storage
---
2016/04/21 20:03:53 [error] [exception.CHttpException.404] exception 'CHttpException' with message 'Unable to resolve the request "storage/resourse".' in Z:\home\factory.com\www\framework\web\CWebApplication.php:286
Stack trace:
#0 Z:\home\factory.com\www\framework\web\CWebApplication.php(141): CWebApplication->runController('storage/resours...')
#1 Z:\home\factory.com\www\framework\base\CApplication.php(185): CWebApplication->processRequest()
#2 Z:\home\factory.com\www\index.php(13): CApplication->run()
#3 {main}
REQUEST_URI=/storage/resourse
---
2016/04/21 20:09:41 [error] [exception.CException] exception 'CException' with message 'The "dataProvider" property cannot be empty.' in Z:\home\factory.com\www\framework\zii\widgets\CBaseListView.php:123
Stack trace:
#0 Z:\home\factory.com\www\framework\zii\widgets\CListView.php(211): CBaseListView->init()
#1 Z:\home\factory.com\www\framework\web\CBaseController.php(147): CListView->init()
#2 Z:\home\factory.com\www\framework\web\CBaseController.php(180): CBaseController->createWidget('zii.widgets.CLi...', Array)
#3 Z:\home\factory.com\www\protected\modules\storage\views\resource\index.php(20): CBaseController->widget('zii.widgets.CLi...', Array)
#4 Z:\home\factory.com\www\framework\web\CBaseController.php(126): require('Z:\home\factory...')
#5 Z:\home\factory.com\www\framework\web\CBaseController.php(95): CBaseController->renderInternal('Z:\home\factory...', Array, true)
#6 Z:\home\factory.com\www\framework\web\CController.php(869): CBaseController->renderFile('Z:\home\factory...', Array, true)
#7 Z:\home\factory.com\www\framework\web\CController.php(782): CController->renderPartial('index', Array, true)
#8 Z:\home\factory.com\www\protected\modules\storage\controllers\ResourceController.php(137): CController->render('index', Array)
#9 Z:\home\factory.com\www\framework\web\actions\CInlineAction.php(49): ResourceController->actionIndex()
#10 Z:\home\factory.com\www\framework\web\CController.php(308): CInlineAction->runWithParams(Array)
#11 Z:\home\factory.com\www\framework\web\filters\CFilterChain.php(133): CController->runAction(Object(CInlineAction))
#12 Z:\home\factory.com\www\framework\web\filters\CFilter.php(40): CFilterChain->run()
#13 Z:\home\factory.com\www\framework\web\CController.php(1145): CFilter->filter(Object(CFilterChain))
#14 Z:\home\factory.com\www\framework\web\filters\CInlineFilter.php(58): CController->filterAccessControl(Object(CFilterChain))
#15 Z:\home\factory.com\www\framework\web\filters\CFilterChain.php(130): CInlineFilter->filter(Object(CFilterChain))
#16 Z:\home\factory.com\www\framework\web\CController.php(291): CFilterChain->run()
#17 Z:\home\factory.com\www\framework\web\CController.php(265): CController->runActionWithFilters(Object(CInlineAction), Array)
#18 Z:\home\factory.com\www\framework\web\CWebApplication.php(282): CController->run('index')
#19 Z:\home\factory.com\www\framework\web\CWebApplication.php(141): CWebApplication->runController('storage/resourc...')
#20 Z:\home\factory.com\www\framework\base\CApplication.php(185): CWebApplication->processRequest()
#21 Z:\home\factory.com\www\index.php(13): CApplication->run()
#22 {main}
REQUEST_URI=/index.php/storage/resource/index
HTTP_REFERER=http://factory.com/index.php/storage/resource/admin
---
2016/04/21 20:09:43 [error] [exception.CHttpException.404] exception 'CHttpException' with message 'The system is unable to find the requested action "admin".' in Z:\home\factory.com\www\framework\web\CController.php:483
Stack trace:
#0 Z:\home\factory.com\www\framework\web\CController.php(270): CController->missingAction('admin')
#1 Z:\home\factory.com\www\framework\web\CWebApplication.php(282): CController->run('admin')
#2 Z:\home\factory.com\www\framework\web\CWebApplication.php(141): CWebApplication->runController('storage/resourc...')
#3 Z:\home\factory.com\www\framework\base\CApplication.php(185): CWebApplication->processRequest()
#4 Z:\home\factory.com\www\index.php(13): CApplication->run()
#5 {main}
REQUEST_URI=/index.php/storage/resource/admin
HTTP_REFERER=http://factory.com/index.php/storage/resource/index
---
2016/04/21 20:09:43 [error] [exception.CException] exception 'CException' with message 'The "dataProvider" property cannot be empty.' in Z:\home\factory.com\www\framework\zii\widgets\CBaseListView.php:123
Stack trace:
#0 Z:\home\factory.com\www\framework\zii\widgets\CListView.php(211): CBaseListView->init()
#1 Z:\home\factory.com\www\framework\web\CBaseController.php(147): CListView->init()
#2 Z:\home\factory.com\www\framework\web\CBaseController.php(180): CBaseController->createWidget('zii.widgets.CLi...', Array)
#3 Z:\home\factory.com\www\protected\modules\storage\views\resource\index.php(20): CBaseController->widget('zii.widgets.CLi...', Array)
#4 Z:\home\factory.com\www\framework\web\CBaseController.php(126): require('Z:\home\factory...')
#5 Z:\home\factory.com\www\framework\web\CBaseController.php(95): CBaseController->renderInternal('Z:\home\factory...', Array, true)
#6 Z:\home\factory.com\www\framework\web\CController.php(869): CBaseController->renderFile('Z:\home\factory...', Array, true)
#7 Z:\home\factory.com\www\framework\web\CController.php(782): CController->renderPartial('index', Array, true)
#8 Z:\home\factory.com\www\protected\modules\storage\controllers\ResourceController.php(137): CController->render('index', Array)
#9 Z:\home\factory.com\www\framework\web\actions\CInlineAction.php(49): ResourceController->actionIndex()
#10 Z:\home\factory.com\www\framework\web\CController.php(308): CInlineAction->runWithParams(Array)
#11 Z:\home\factory.com\www\framework\web\filters\CFilterChain.php(133): CController->runAction(Object(CInlineAction))
#12 Z:\home\factory.com\www\framework\web\filters\CFilter.php(40): CFilterChain->run()
#13 Z:\home\factory.com\www\framework\web\CController.php(1145): CFilter->filter(Object(CFilterChain))
#14 Z:\home\factory.com\www\framework\web\filters\CInlineFilter.php(58): CController->filterAccessControl(Object(CFilterChain))
#15 Z:\home\factory.com\www\framework\web\filters\CFilterChain.php(130): CInlineFilter->filter(Object(CFilterChain))
#16 Z:\home\factory.com\www\framework\web\CController.php(291): CFilterChain->run()
#17 Z:\home\factory.com\www\framework\web\CController.php(265): CController->runActionWithFilters(Object(CInlineAction), Array)
#18 Z:\home\factory.com\www\framework\web\CWebApplication.php(282): CController->run('index')
#19 Z:\home\factory.com\www\framework\web\CWebApplication.php(141): CWebApplication->runController('storage/resourc...')
#20 Z:\home\factory.com\www\framework\base\CApplication.php(185): CWebApplication->processRequest()
#21 Z:\home\factory.com\www\index.php(13): CApplication->run()
#22 {main}
REQUEST_URI=/index.php/storage/resource/index
HTTP_REFERER=http://factory.com/index.php/storage/resource/admin
---
2016/04/21 20:09:45 [error] [exception.CException] exception 'CException' with message 'The "dataProvider" property cannot be empty.' in Z:\home\factory.com\www\framework\zii\widgets\CBaseListView.php:123
Stack trace:
#0 Z:\home\factory.com\www\framework\zii\widgets\CListView.php(211): CBaseListView->init()
#1 Z:\home\factory.com\www\framework\web\CBaseController.php(147): CListView->init()
#2 Z:\home\factory.com\www\framework\web\CBaseController.php(180): CBaseController->createWidget('zii.widgets.CLi...', Array)
#3 Z:\home\factory.com\www\protected\modules\storage\views\resource\index.php(20): CBaseController->widget('zii.widgets.CLi...', Array)
#4 Z:\home\factory.com\www\framework\web\CBaseController.php(126): require('Z:\home\factory...')
#5 Z:\home\factory.com\www\framework\web\CBaseController.php(95): CBaseController->renderInternal('Z:\home\factory...', Array, true)
#6 Z:\home\factory.com\www\framework\web\CController.php(869): CBaseController->renderFile('Z:\home\factory...', Array, true)
#7 Z:\home\factory.com\www\framework\web\CController.php(782): CController->renderPartial('index', Array, true)
#8 Z:\home\factory.com\www\protected\modules\storage\controllers\ResourceController.php(137): CController->render('index', Array)
#9 Z:\home\factory.com\www\framework\web\actions\CInlineAction.php(49): ResourceController->actionIndex()
#10 Z:\home\factory.com\www\framework\web\CController.php(308): CInlineAction->runWithParams(Array)
#11 Z:\home\factory.com\www\framework\web\filters\CFilterChain.php(133): CController->runAction(Object(CInlineAction))
#12 Z:\home\factory.com\www\framework\web\filters\CFilter.php(40): CFilterChain->run()
#13 Z:\home\factory.com\www\framework\web\CController.php(1145): CFilter->filter(Object(CFilterChain))
#14 Z:\home\factory.com\www\framework\web\filters\CInlineFilter.php(58): CController->filterAccessControl(Object(CFilterChain))
#15 Z:\home\factory.com\www\framework\web\filters\CFilterChain.php(130): CInlineFilter->filter(Object(CFilterChain))
#16 Z:\home\factory.com\www\framework\web\CController.php(291): CFilterChain->run()
#17 Z:\home\factory.com\www\framework\web\CController.php(265): CController->runActionWithFilters(Object(CInlineAction), Array)
#18 Z:\home\factory.com\www\framework\web\CWebApplication.php(282): CController->run('index')
#19 Z:\home\factory.com\www\framework\web\CWebApplication.php(141): CWebApplication->runController('storage/resourc...')
#20 Z:\home\factory.com\www\framework\base\CApplication.php(185): CWebApplication->processRequest()
#21 Z:\home\factory.com\www\index.php(13): CApplication->run()
#22 {main}
REQUEST_URI=/index.php/storage/resource/index
HTTP_REFERER=http://factory.com/index.php/storage/resource/admin
---
